The system is: Windows - 10.0.22621 - AMD64
Compiling the C compiler identification source file "CMakeCCompilerId.c" succeeded.
Compiler: D:/VS2017/VC/Tools/MSVC/14.36.32532/bin/Hostx64/x64/cl.exe 
Build flags: 
Id flags:  

The output was:
0
用于 x64 的 Microsoft (R) C/C++ 优化编译器 19.36.32537 版
版权所有(C) Microsoft Corporation。保留所有权利。

CMakeCCompilerId.c
Microsoft (R) Incremental Linker Version 14.36.32537.0
Copyright (C) Microsoft Corporation.  All rights reserved.

/out:CMakeCCompilerId.exe 
CMakeCCompilerId.obj 


Compilation of the C compiler identification source "CMakeCCompilerId.c" produced "CMakeCCompilerId.exe"

Compilation of the C compiler identification source "CMakeCCompilerId.c" produced "CMakeCCompilerId.obj"

The C compiler identification is MSVC, found in "D:/Project/testGit/CPPProject/cmake-build-relwithdebinfo-visual-studio/CMakeFiles/3.25.2/CompilerIdC/CMakeCCompilerId.exe"

Compiling the CXX compiler identification source file "CMakeCXXCompilerId.cpp" succeeded.
Compiler: D:/VS2017/VC/Tools/MSVC/14.36.32532/bin/Hostx64/x64/cl.exe 
Build flags: 
Id flags:  

The output was:
0
用于 x64 的 Microsoft (R) C/C++ 优化编译器 19.36.32537 版
版权所有(C) Microsoft Corporation。保留所有权利。

CMakeCXXCompilerId.cpp
Microsoft (R) Incremental Linker Version 14.36.32537.0
Copyright (C) Microsoft Corporation.  All rights reserved.

/out:CMakeCXXCompilerId.exe 
CMakeCXXCompilerId.obj 


Compilation of the CXX compiler identification source "CMakeCXXCompilerId.cpp" produced "CMakeCXXCompilerId.exe"

Compilation of the CXX compiler identification source "CMakeCXXCompilerId.cpp" produced "CMakeCXXCompilerId.obj"

The CXX compiler identification is MSVC, found in "D:/Project/testGit/CPPProject/cmake-build-relwithdebinfo-visual-studio/CMakeFiles/3.25.2/CompilerIdCXX/CMakeCXXCompilerId.exe"

Detecting C compiler ABI info compiled with the following output:
Change Dir: D:/Project/testGit/CPPProject/cmake-build-relwithdebinfo-visual-studio/CMakeFiles/CMakeScratch/TryCompile-pl5qma

Run Build Command(s):nmake -f Makefile /nologo cmTC_9fb0d\fast && 	D:\VS2017\VC\Tools\MSVC\14.36.32532\bin\HostX64\x64\nmake.exe  -f CMakeFiles\cmTC_9fb0d.dir\build.make /nologo -L                  CMakeFiles\cmTC_9fb0d.dir\build
Building C object CMakeFiles/cmTC_9fb0d.dir/CMakeCCompilerABI.c.obj
	"D:\program\CLion 2023.1.5\bin\cmake\win\x64\bin\cmake.exe" -E cmake_cl_compile_depends --dep-file=CMakeFiles\cmTC_9fb0d.dir\CMakeCCompilerABI.c.obj.d --working-dir=D:\Project\testGit\CPPProject\cmake-build-relwithdebinfo-visual-studio\CMakeFiles\CMakeScratch\TryCompile-pl5qma --filter-prefix="注意: 包含文件:  " -- D:\VS2017\VC\Tools\MSVC\14.36.32532\bin\Hostx64\x64\cl.exe @C:\Users\86173\AppData\Local\Temp\nmED6D.tmp
CMakeCCompilerABI.c
?鈷? 鍖呭惈鏂囦欢:  D:\program\CLion 2023.1.5\bin\cmake\win\x64\share\cmake-3.25\Modules\CMakeCompilerABI.h
Linking C executable cmTC_9fb0d.exe
	"D:\program\CLion 2023.1.5\bin\cmake\win\x64\bin\cmake.exe" -E vs_link_exe --intdir=CMakeFiles\cmTC_9fb0d.dir --rc=D:\WINDOW~2\10\bin\100220~1.0\x64\rc.exe --mt=D:\WINDOW~2\10\bin\100220~1.0\x64\mt.exe --manifests -- D:\VS2017\VC\Tools\MSVC\14.36.32532\bin\Hostx64\x64\link.exe /nologo @CMakeFiles\cmTC_9fb0d.dir\objects1 @C:\Users\86173\AppData\Local\Temp\nmEF72.tmp



Detecting CXX compiler ABI info compiled with the following output:
Change Dir: D:/Project/testGit/CPPProject/cmake-build-relwithdebinfo-visual-studio/CMakeFiles/CMakeScratch/TryCompile-0ma8xa

Run Build Command(s):nmake -f Makefile /nologo cmTC_ada71\fast && 	D:\VS2017\VC\Tools\MSVC\14.36.32532\bin\HostX64\x64\nmake.exe  -f CMakeFiles\cmTC_ada71.dir\build.make /nologo -L                  CMakeFiles\cmTC_ada71.dir\build
Building CXX object CMakeFiles/cmTC_ada71.dir/CMakeCXXCompilerABI.cpp.obj
	"D:\program\CLion 2023.1.5\bin\cmake\win\x64\bin\cmake.exe" -E cmake_cl_compile_depends --dep-file=CMakeFiles\cmTC_ada71.dir\CMakeCXXCompilerABI.cpp.obj.d --working-dir=D:\Project\testGit\CPPProject\cmake-build-relwithdebinfo-visual-studio\CMakeFiles\CMakeScratch\TryCompile-0ma8xa --filter-prefix="注意: 包含文件:  " -- D:\VS2017\VC\Tools\MSVC\14.36.32532\bin\Hostx64\x64\cl.exe @C:\Users\86173\AppData\Local\Temp\nmF387.tmp
CMakeCXXCompilerABI.cpp
?鈷? 鍖呭惈鏂囦欢:  D:\program\CLion 2023.1.5\bin\cmake\win\x64\share\cmake-3.25\Modules\CMakeCompilerABI.h
Linking CXX executable cmTC_ada71.exe
	"D:\program\CLion 2023.1.5\bin\cmake\win\x64\bin\cmake.exe" -E vs_link_exe --intdir=CMakeFiles\cmTC_ada71.dir --rc=D:\WINDOW~2\10\bin\100220~1.0\x64\rc.exe --mt=D:\WINDOW~2\10\bin\100220~1.0\x64\mt.exe --manifests -- D:\VS2017\VC\Tools\MSVC\14.36.32532\bin\Hostx64\x64\link.exe /nologo @CMakeFiles\cmTC_ada71.dir\objects1 @C:\Users\86173\AppData\Local\Temp\nmF434.tmp



